2025-09-20 05:52:59.343: [INFO] VisibilityChanged: 0
2025-09-20 05:52:59.423: [INFO] RecordSyncInitDuration has_sync_been_enabled: 0 state: 0
2025-09-20 05:52:59.424: [INFO] RecordSyncInitDuration has_sync_been_enabled: 0 state: 0
2025-09-20 05:52:59.426: [INFO] RecordSyncInitDuration has_sync_been_enabled: 0 state: 0
2025-09-20 05:52:59.427: [INFO] RecordSyncInitDuration has_sync_been_enabled: 0 state: 0
2025-09-20 05:52:59.428: [INFO] RecordSyncInitDuration has_sync_been_enabled: 0 state: 0
2025-09-20 05:52:59.429: [INFO] RecordSyncInitDuration has_sync_been_enabled: 0 state: 0
2025-09-20 05:52:59.430: [INFO] RecordSyncInitDuration has_sync_been_enabled: 0 state: 0
2025-09-20 05:52:59.431: [INFO] RecordSyncInitDuration has_sync_been_enabled: 0 state: 0
2025-09-20 05:52:59.433: [INFO] RecordSyncInitDuration has_sync_been_enabled: 0 state: 0
2025-09-20 05:52:59.434: [INFO] RecordSyncInitDuration has_sync_been_enabled: 0 state: 0
2025-09-20 05:52:59.435: [INFO] RecordSyncInitDuration has_sync_been_enabled: 0 state: 0
2025-09-20 05:52:59.443: [INFO] BookmarkModelLoaded, ids_reassigned: 0
2025-09-20 05:52:59.443: [INFO] OnDoneLoading sync enabled: 0
2025-09-20 05:52:59.511: [INFO] RecordSyncInitDuration has_sync_been_enabled: 0 state: 0
2025-09-20 05:52:59.616: [INFO] RecordSyncInitDuration has_sync_been_enabled: 0 state: 3
2025-09-20 05:52:59.619: [INFO] Primary account changed.
2025-09-20 05:52:59.619: [INFO] OnPrimaryAccountChanged PrimaryAccountChangeEvent::Type::kSet
2025-09-20 05:52:59.622: [INFO] RecordSyncInitDuration has_sync_been_enabled: 0 state: 3
2025-09-20 05:52:59.779: [INFO] RecordSyncInitDuration has_sync_been_enabled: 0 state: 3
2025-09-20 05:53:03.286: [INFO] BookmarkNodeAdded, ABU: 0
2025-09-20 05:53:03.286: [INFO] BookmarkNodeAdded, ABU: 0
2025-09-20 05:53:03.286: [INFO] BookmarkNodeAdded, ABU: 0
2025-09-20 05:53:03.286: [INFO] BookmarkNodeAdded, ABU: 0
2025-09-20 05:53:03.689: [INFO] Sync initialization duration: 3828ms
2025-09-20 05:59:41.464: [INFO] VisibilityChanged: 0
2025-09-20 05:59:41.552: [INFO] BookmarkModelLoaded, ids_reassigned: 0
2025-09-20 05:59:41.552: [INFO] OnDoneLoading sync enabled: 1
2025-09-20 05:59:44.625: [INFO] Sync initialization duration: 2758ms
