{"logTime": "0920/055301", "correlationVector":"n+S8E28yPMqbY0vkbUmqWB.1","action":"SyncServerConnectionManagerRequest", "result":"SYNC_SERVER_OK", "context":{"environment":"Prod_southindia_prod-s01-004-apac-southindia", "migrationStage":"NotStarted", "server":"akswtt01700003c"}}
{"logTime": "0920/055301", "correlationVector":"n+S8E28yPMqbY0vkbUmqWB.2","action":"ProcessGetUpdates", "result":"Done", "context":{"dataType":"Encryption Keys", "deleted":"0", "process_failed_to_decrypt":"0", "process_pending_decryption":"0", "process_success":"1", "total":"1"}}
{"logTime": "0920/055302", "correlationVector":"kAnKmXCiWThe3xevkpiRBw","action":"SyncServerConnectionManagerRequest", "result":"SYNC_SERVER_OK", "context":{"environment":"", "migrationStage":"", "server":""}}
{"logTime": "0920/055302", "correlationVector":"kAnKmXCiWThe3xevkpiRBw.0","action":"EncryptionKeysFetcher.DownloadKeys:", "result":"Success", "context":Key count: 5, Last key timestamp: 2025-09-17T17:46:37Z}
{"logTime": "0920/055302", "correlationVector":"kAnKmXCiWThe3xevkpiRBw.1","action":"EncryptionKeysManager::SetEncryptionKeys:", "result":"Success", "context":Key names[5]:[xsdDxamNQfnMMzFAO0itpEMSXpVcRbiWwavPRuk2kdTK5zVbU7g+jedbCJVLcH4dXsXtvEJ/eOuk7quPXKklBg==][dETfmaF3SR/HMP2vHF7NoM6fkNVKtg6n2hX3BHVGS+pTi+ZM2wK5srETG9WryYTr+7CAdO2NMpPEAOm7ybDP2w==][l2vZ5Jyz4TH/wj/cxxgE3lSLrQUWDLFRmNvBXdC/9eN0taXzMcfe+WKjbU4fwb805/HwRo4F3csvg2Ibafd3sg==][+nfjnoUO7MBd5pfoiTFRNdCALMIl/a5z39pQad0//Mxw1yY1LeXTO7ouVzmg/VVS/yrx0OnQ15sEbgaJ2D6Zrw==][WtlPtvfOL5P1pEui+0V+vyL04B3gvaU6hGM6qtxH1zyHIGruU8pnhPnwV0O/uqp6VMzqe98IMhtyFM9pcb23dg==]}
{"logTime": "0920/055302", "correlationVector":"kAnKmXCiWThe3xevkpiRBw.2","action":"EncryptionKeysManager::SetEncryptionKeysWithTimestamps:", "result":"Success", "context":Key timestamps[5]:[2023-08-22T09:35:37Z][2024-02-20T06:37:16Z][2024-08-19T13:08:32Z][2025-03-19T07:22:13Z][2025-09-17T17:46:37Z]}
{"logTime": "0920/055302", "correlationVector":"n+S8E28yPMqbY0vkbUmqWB","action":"Initial GetUpdates", "result":"", "context":Reason: NEW_CLIENT. cV=n+S8E28yPMqbY0vkbUmqWB}
{"logTime": "0920/055302", "correlationVector":"n+S8E28yPMqbY0vkbUmqWB.3","action":"GetUpdates Response", "result":"Success", "context":Received 1 update(s). cV=n+S8E28yPMqbY0vkbUmqWB.0;server=akswtt01700003c;cloudType=Consumer;environment=Prod_southindia_prod-s01-004-apac-southindia;migrationStage=NotStarted}
{"logTime": "0920/055302", "correlationVector":"95TogE0k/16fau5XCX29XB","action":"Initial GetUpdates", "result":"", "context":Reason: NEWLY_SUPPORTED_DATATYPE. cV=95TogE0k/16fau5XCX29XB}
{"logTime": "0920/055302", "correlationVector":"95TogE0k/16fau5XCX29XB.1","action":"SyncServerConnectionManagerRequest", "result":"SYNC_SERVER_OK", "context":{"environment":"Prod_southindia_prod-s01-004-apac-southindia", "migrationStage":"NotStarted", "server":"akswtt01800000k"}}
{"logTime": "0920/055302", "correlationVector":"95TogE0k/16fau5XCX29XB.2","action":"ProcessGetUpdates", "result":"Done", "context":{"dataType":"Passwords", "deleted":"0", "process_failed_to_decrypt":"0", "process_pending_decryption":"0", "process_success":"19", "total":"19"}}
{"logTime": "0920/055302", "correlationVector":"95TogE0k/16fau5XCX29XB.3","action":"GetUpdates Response", "result":"Success", "context":Received 19 update(s). cV=95TogE0k/16fau5XCX29XB.0;server=akswtt01800000k;cloudType=Consumer;environment=Prod_southindia_prod-s01-004-apac-southindia;migrationStage=NotStarted}
{"logTime": "0920/055302", "correlationVector":"mLCVP2JCmhAo/WLk/De+F9","action":"Initial GetUpdates", "result":"", "context":Reason: NEWLY_SUPPORTED_DATATYPE. cV=mLCVP2JCmhAo/WLk/De+F9}
{"logTime": "0920/055303", "correlationVector":"mLCVP2JCmhAo/WLk/De+F9.1","action":"SyncServerConnectionManagerRequest", "result":"SYNC_SERVER_OK", "context":{"environment":"Prod_southindia_prod-s01-004-apac-southindia", "migrationStage":"NotStarted", "server":"akswtt01700006n"}}
{"logTime": "0920/055303", "correlationVector":"mLCVP2JCmhAo/WLk/De+F9.2","action":"ProcessGetUpdates", "result":"Done", "context":{"dataType":"Bookmarks", "deleted":"0", "process_failed_to_decrypt":"0", "process_pending_decryption":"0", "process_success":"10", "total":"10"}}
{"logTime": "0920/055303", "correlationVector":"mLCVP2JCmhAo/WLk/De+F9.3","action":"GetUpdates Response", "result":"Success", "context":Received 10 update(s). cV=mLCVP2JCmhAo/WLk/De+F9.0;server=akswtt01700006n;cloudType=Consumer;environment=Prod_southindia_prod-s01-004-apac-southindia;migrationStage=NotStarted}
{"logTime": "0920/055303", "correlationVector":"VYsW1SnKstI9Yvms7O3V5/","action":"Initial GetUpdates", "result":"", "context":Reason: NEWLY_SUPPORTED_DATATYPE. cV=VYsW1SnKstI9Yvms7O3V5/}
{"logTime": "0920/055303", "correlationVector":"VYsW1SnKstI9Yvms7O3V5/.1","action":"SyncServerConnectionManagerRequest", "result":"SYNC_SERVER_OK", "context":{"environment":"Prod_southindia_prod-s01-004-apac-southindia", "migrationStage":"NotStarted", "server":"akswtt018000012"}}
{"logTime": "0920/055303", "correlationVector":"VYsW1SnKstI9Yvms7O3V5/.2","action":"ProcessGetUpdates", "result":"Done", "context":{"dataType":"Autofill Profiles", "deleted":"1", "process_failed_to_decrypt":"0", "process_pending_decryption":"0", "process_success":"4", "total":"4"}}
{"logTime": "0920/055303", "correlationVector":"VYsW1SnKstI9Yvms7O3V5/.3","action":"ProcessGetUpdates", "result":"Done", "context":{"dataType":"Autofill", "deleted":"0", "process_failed_to_decrypt":"0", "process_pending_decryption":"0", "process_success":"13", "total":"13"}}
{"logTime": "0920/055303", "correlationVector":"VYsW1SnKstI9Yvms7O3V5/.4","action":"GetUpdates Response", "result":"Success", "context":Received 17 update(s). cV=VYsW1SnKstI9Yvms7O3V5/.0;server=akswtt018000012;cloudType=Consumer;environment=Prod_southindia_prod-s01-004-apac-southindia;migrationStage=NotStarted}
{"logTime": "0920/055303", "correlationVector":"vDp1b9+8BmLt4wFr44l2Sj","action":"Initial GetUpdates", "result":"", "context":Reason: NEWLY_SUPPORTED_DATATYPE. cV=vDp1b9+8BmLt4wFr44l2Sj}
{"logTime": "0920/055304", "correlationVector":"vDp1b9+8BmLt4wFr44l2Sj.1","action":"SyncServerConnectionManagerRequest", "result":"SYNC_SERVER_OK", "context":{"environment":"Prod_southindia_prod-s01-004-apac-southindia", "migrationStage":"NotStarted", "server":"akswtt01700002v"}}
{"logTime": "0920/055304", "correlationVector":"vDp1b9+8BmLt4wFr44l2Sj.2","action":"ProcessGetUpdates", "result":"Done", "context":{"dataType":"History", "deleted":"0", "process_failed_to_decrypt":"0", "process_pending_decryption":"0", "process_success":"127", "total":"127"}}
{"logTime": "0920/055304", "correlationVector":"vDp1b9+8BmLt4wFr44l2Sj.3","action":"GetUpdates Response", "result":"Success", "context":Received 127 update(s). cV=vDp1b9+8BmLt4wFr44l2Sj.0;server=akswtt01700002v;cloudType=Consumer;environment=Prod_southindia_prod-s01-004-apac-southindia;migrationStage=NotStarted}
{"logTime": "0920/055304", "correlationVector":"57SmGVAdPworwyvwJgOvi0","action":"Normal GetUpdate request", "result":"", "context":cV=57SmGVAdPworwyvwJgOvi0
Refresh requested types: Bookmarks, Passwords, Autofill Profiles, Autofill, History, Edge Wallet, Encryption Keys}
{"logTime": "0920/055305", "correlationVector":"57SmGVAdPworwyvwJgOvi0.1","action":"SyncServerConnectionManagerRequest", "result":"SYNC_SERVER_OK", "context":{"environment":"Prod_southindia_prod-s01-004-apac-southindia", "migrationStage":"NotStarted", "server":"akswtt01800000g"}}
{"logTime": "0920/055305", "correlationVector":"57SmGVAdPworwyvwJgOvi0.2","action":"GetUpdates Response", "result":"Success", "context":Received 0 update(s). cV=57SmGVAdPworwyvwJgOvi0.0;server=akswtt01800000g;cloudType=Consumer;environment=Prod_southindia_prod-s01-004-apac-southindia;migrationStage=NotStarted}
{"logTime": "0920/055305", "correlationVector":"dCCQLi7oU1PK35ZlcKMPcY","action":"DoCompareDataConsistency requsted types: ", "result":"Bookmarks, Passwords, History, Edge Wallet, Encryption Keys"}
{"logTime": "0920/055305", "correlationVector":"dCCQLi7oU1PK35ZlcKMPcY.0","action":"CompareDataConsistency result: ", "result":"Compare result: Encryption Keys is consistent. local entities count is: 1 local entities hash is: 15lzwde/+o0hkqwdc1sje3vUsPg="}
{"logTime": "0920/055305", "correlationVector":"dCCQLi7oU1PK35ZlcKMPcY.1","action":"CompareDataConsistency result: ", "result":"Compare result: Bookmarks is consistent. local entities count is: 4 local entities hash is: khiZY64uBijMUkBc1S91axsDSM4="}
{"logTime": "0920/055305", "correlationVector":"dCCQLi7oU1PK35ZlcKMPcY.2","action":"CompareDataConsistency result: ", "result":"Server did not send this History local entities count is: 0 local entities hash is: "}
{"logTime": "0920/055305", "correlationVector":"dCCQLi7oU1PK35ZlcKMPcY.3","action":"CompareDataConsistency result: ", "result":"Compare result: Edge Wallet is consistent. local entities count is: 0 local entities hash is: "}
{"logTime": "0920/055305", "correlationVector":"dCCQLi7oU1PK35ZlcKMPcY.4","action":"CompareDataConsistency result: ", "result":"Compare result: Passwords is consistent. local entities count is: 19 local entities hash is: ts3g7sQnzY3Gc7rG20/axupNBvw="}
{"logTime": "0920/055305", "correlationVector":"","action":"DIAGNOSTIC_REQUEST|v1/diagnosticData/Diagnostic.SendCheckResult()|SUCCESS", "result":""}
{"logTime": "0920/055407", "correlationVector":"w8a+b3uJ9El6sJZqKDi81p","action":"Commit Request", "result":"", "context":Item count: 11
Contributing types: History}
{"logTime": "0920/055408", "correlationVector":"w8a+b3uJ9El6sJZqKDi81p","action":"SyncServerConnectionManagerRequest", "result":"CONNECTION_UNAVAILABLE", "context":{"error_type":"net_error_code", "error_value":"-3"}}
{"logTime": "0920/055943", "correlationVector":"qli33/U49BujHbROwpLeI0.1","action":"SyncServerConnectionManagerRequest", "result":"SYNC_SERVER_OK", "context":{"environment":"Prod_southindia_prod-s01-004-apac-southindia", "migrationStage":"NotStarted", "server":"akswtt01700006p"}}
{"logTime": "0920/055943", "correlationVector":"qli33/U49BujHbROwpLeI0.2","action":"ProcessGetUpdates", "result":"Done", "context":{"dataType":"Encryption Keys", "deleted":"0", "process_failed_to_decrypt":"0", "process_pending_decryption":"0", "process_success":"1", "total":"1"}}
{"logTime": "0920/055944", "correlationVector":"cAWOponXj5RKmcKsTma52R","action":"SyncServerConnectionManagerRequest", "result":"SYNC_SERVER_OK", "context":{"environment":"", "migrationStage":"", "server":""}}
{"logTime": "0920/055944", "correlationVector":"cAWOponXj5RKmcKsTma52R.0","action":"EncryptionKeysFetcher.DownloadKeys:", "result":"Success", "context":Key count: 5, Last key timestamp: 2025-09-17T17:46:37Z}
{"logTime": "0920/055944", "correlationVector":"cAWOponXj5RKmcKsTma52R.1","action":"EncryptionKeysManager::SetEncryptionKeys:", "result":"Success", "context":Key names[5]:[xsdDxamNQfnMMzFAO0itpEMSXpVcRbiWwavPRuk2kdTK5zVbU7g+jedbCJVLcH4dXsXtvEJ/eOuk7quPXKklBg==][dETfmaF3SR/HMP2vHF7NoM6fkNVKtg6n2hX3BHVGS+pTi+ZM2wK5srETG9WryYTr+7CAdO2NMpPEAOm7ybDP2w==][l2vZ5Jyz4TH/wj/cxxgE3lSLrQUWDLFRmNvBXdC/9eN0taXzMcfe+WKjbU4fwb805/HwRo4F3csvg2Ibafd3sg==][+nfjnoUO7MBd5pfoiTFRNdCALMIl/a5z39pQad0//Mxw1yY1LeXTO7ouVzmg/VVS/yrx0OnQ15sEbgaJ2D6Zrw==][WtlPtvfOL5P1pEui+0V+vyL04B3gvaU6hGM6qtxH1zyHIGruU8pnhPnwV0O/uqp6VMzqe98IMhtyFM9pcb23dg==]}
{"logTime": "0920/055944", "correlationVector":"cAWOponXj5RKmcKsTma52R.2","action":"EncryptionKeysManager::SetEncryptionKeysWithTimestamps:", "result":"Success", "context":Key timestamps[5]:[2023-08-22T09:35:37Z][2024-02-20T06:37:16Z][2024-08-19T13:08:32Z][2025-03-19T07:22:13Z][2025-09-17T17:46:37Z]}
{"logTime": "0920/055944", "correlationVector":"qli33/U49BujHbROwpLeI0","action":"Initial GetUpdates", "result":"", "context":Reason: NEW_CLIENT. cV=qli33/U49BujHbROwpLeI0}
{"logTime": "0920/055944", "correlationVector":"qli33/U49BujHbROwpLeI0.3","action":"GetUpdates Response", "result":"Success", "context":Received 1 update(s). cV=qli33/U49BujHbROwpLeI0.0;server=akswtt01700006p;cloudType=Consumer;environment=Prod_southindia_prod-s01-004-apac-southindia;migrationStage=NotStarted}
{"logTime": "0920/055944", "correlationVector":"tEftzqLOgcd8P906R4nM5f","action":"Initial GetUpdates", "result":"", "context":Reason: NEWLY_SUPPORTED_DATATYPE. cV=tEftzqLOgcd8P906R4nM5f}
{"logTime": "0920/055944", "correlationVector":"tEftzqLOgcd8P906R4nM5f.1","action":"SyncServerConnectionManagerRequest", "result":"SYNC_SERVER_OK", "context":{"environment":"Prod_southindia_prod-s01-004-apac-southindia", "migrationStage":"NotStarted", "server":"akswtt01700006j"}}
{"logTime": "0920/055944", "correlationVector":"tEftzqLOgcd8P906R4nM5f.2","action":"ProcessGetUpdates", "result":"Done", "context":{"dataType":"Passwords", "deleted":"0", "process_failed_to_decrypt":"0", "process_pending_decryption":"0", "process_success":"19", "total":"19"}}
{"logTime": "0920/055944", "correlationVector":"tEftzqLOgcd8P906R4nM5f.3","action":"GetUpdates Response", "result":"Success", "context":Received 19 update(s). cV=tEftzqLOgcd8P906R4nM5f.0;server=akswtt01700006j;cloudType=Consumer;environment=Prod_southindia_prod-s01-004-apac-southindia;migrationStage=NotStarted}
{"logTime": "0920/055944", "correlationVector":"ekARKuwqBtYrmEk0427kT/","action":"Normal GetUpdate request", "result":"", "context":cV=ekARKuwqBtYrmEk0427kT/
Nudged types: History
Refresh requested types: Bookmarks, Passwords, Autofill Profiles, Autofill, History, Edge Wallet, Encryption Keys}
{"logTime": "0920/055944", "correlationVector":"ekARKuwqBtYrmEk0427kT/.1","action":"SyncServerConnectionManagerRequest", "result":"SYNC_SERVER_OK", "context":{"environment":"Prod_southindia_prod-s01-004-apac-southindia", "migrationStage":"NotStarted", "server":"akswtt01700006d"}}
{"logTime": "0920/055944", "correlationVector":"ekARKuwqBtYrmEk0427kT/.2","action":"ProcessGetUpdates", "result":"Done", "context":{"dataType":"History", "deleted":"0", "process_failed_to_decrypt":"0", "process_pending_decryption":"0", "process_success":"11", "total":"11"}}
{"logTime": "0920/055944", "correlationVector":"ekARKuwqBtYrmEk0427kT/.3","action":"GetUpdates Response", "result":"Success", "context":Received 11 update(s). cV=ekARKuwqBtYrmEk0427kT/.0;server=akswtt01700006d;cloudType=Consumer;environment=Prod_southindia_prod-s01-004-apac-southindia;migrationStage=NotStarted}
{"logTime": "0920/055945", "correlationVector":"9Mt/LFXlDLFF8bBucuFsrL","action":"Commit Request", "result":"", "context":Item count: 2
Contributing types: History}
{"logTime": "0920/055945", "correlationVector":"9Mt/LFXlDLFF8bBucuFsrL.1","action":"SyncServerConnectionManagerRequest", "result":"SYNC_SERVER_OK", "context":{"environment":"Prod_southindia_prod-s01-004-apac-southindia", "migrationStage":"NotStarted", "server":"akswtt018000010"}}
{"logTime": "0920/055945", "correlationVector":"9Mt/LFXlDLFF8bBucuFsrL.2","action":"Commit Response", "result":"Success", "context":Result: Success. cV=9Mt/LFXlDLFF8bBucuFsrL.0;server=akswtt018000010;cloudType=Consumer;environment=Prod_southindia_prod-s01-004-apac-southindia;migrationStage=NotStarted}
{"logTime": "0920/060045", "correlationVector":"t06O5zDf7eu4kFdOaAYKMr","action":"Commit Request", "result":"", "context":Item count: 7
Contributing types: History}
{"logTime": "0920/060046", "correlationVector":"t06O5zDf7eu4kFdOaAYKMr.1","action":"SyncServerConnectionManagerRequest", "result":"SYNC_SERVER_OK", "context":{"environment":"Prod_southindia_prod-s01-004-apac-southindia", "migrationStage":"NotStarted", "server":"akswtt01800001f"}}
{"logTime": "0920/060046", "correlationVector":"t06O5zDf7eu4kFdOaAYKMr.2","action":"Commit Response", "result":"Success", "context":Result: Success. cV=t06O5zDf7eu4kFdOaAYKMr.0;server=akswtt01800001f;cloudType=Consumer;environment=Prod_southindia_prod-s01-004-apac-southindia;migrationStage=NotStarted}
