2025-09-20 05:52:59.163: [INFO][Sync] Reset engine, reason: 8
2025-09-20 05:52:59.163: [INFO][Sync] Stopped: Bookmarks
2025-09-20 05:52:59.163: [INFO][Sync] Stopped: Preferences
2025-09-20 05:52:59.163: [INFO][Sync] Stopped: Passwords
2025-09-20 05:52:59.163: [INFO][Sync] Stopped: Autofill Profiles
2025-09-20 05:52:59.163: [INFO][Sync] Stopped: Autofill
2025-09-20 05:52:59.163: [INFO][Sync] Stopped: Extensions
2025-09-20 05:52:59.163: [INFO][Sync] Stopped: Sessions
2025-09-20 05:52:59.163: [INFO][Sync] Stopped: Extension settings
2025-09-20 05:52:59.163: [INFO][Sync] Stopped: History Delete Directives
2025-09-20 05:52:59.163: [INFO][Sync] Stopped: Device Info
2025-09-20 05:52:59.163: [INFO][Sync] Stopped: User Consents
2025-09-20 05:52:59.163: [INFO][Sync] Stopped: Send Tab To Self
2025-09-20 05:52:59.163: [INFO][Sync] Stopped: Web Apps
2025-09-20 05:52:59.163: [INFO][Sync] Stopped: History
2025-09-20 05:52:59.163: [INFO][Sync] Stopped: Saved Tab Group
2025-09-20 05:52:59.163: [INFO][Sync] Stopped: WebAuthn Credentials
2025-09-20 05:52:59.163: [INFO][Sync] Stopped: Collection
2025-09-20 05:52:59.163: [INFO][Sync] Stopped: Edge E Drop
2025-09-20 05:52:59.163: [INFO][Sync] Stopped: Edge Hub App Usage
2025-09-20 05:52:59.163: [INFO][Sync] Stopped: Edge Wallet
2025-09-20 05:52:59.163: [INFO][Sync] SyncState after authenticated was: NotSignedIn
2025-09-20 05:52:59.509: [INFO][Sync] Reset engine, reason: 8
2025-09-20 05:52:59.509: [INFO][Sync] Stopped: Bookmarks
2025-09-20 05:52:59.509: [INFO][Sync] Stopped: Preferences
2025-09-20 05:52:59.509: [INFO][Sync] Stopped: Passwords
2025-09-20 05:52:59.509: [INFO][Sync] Stopped: Autofill Profiles
2025-09-20 05:52:59.509: [INFO][Sync] Stopped: Autofill
2025-09-20 05:52:59.509: [INFO][Sync] Stopped: Extensions
2025-09-20 05:52:59.509: [INFO][Sync] Stopped: Sessions
2025-09-20 05:52:59.509: [INFO][Sync] Stopped: Extension settings
2025-09-20 05:52:59.509: [INFO][Sync] Stopped: History Delete Directives
2025-09-20 05:52:59.509: [INFO][Sync] Stopped: Device Info
2025-09-20 05:52:59.509: [INFO][Sync] Stopped: User Consents
2025-09-20 05:52:59.509: [INFO][Sync] Stopped: Send Tab To Self
2025-09-20 05:52:59.509: [INFO][Sync] Stopped: Web Apps
2025-09-20 05:52:59.509: [INFO][Sync] Stopped: History
2025-09-20 05:52:59.509: [INFO][Sync] Stopped: Saved Tab Group
2025-09-20 05:52:59.509: [INFO][Sync] Stopped: WebAuthn Credentials
2025-09-20 05:52:59.509: [INFO][Sync] Stopped: Collection
2025-09-20 05:52:59.509: [INFO][Sync] Stopped: Edge E Drop
2025-09-20 05:52:59.509: [INFO][Sync] Stopped: Edge Hub App Usage
2025-09-20 05:52:59.509: [INFO][Sync] Stopped: Edge Wallet
2025-09-20 05:52:59.664: [INFO][Sync] Try to start sync engine
2025-09-20 05:52:59.665: [INFO][SyncManagerImpl::NudgeForInitialDownload] Initial download nudge for Encryption Keys
2025-09-20 05:52:59.665: [INFO][SyncEngineBackend::LoadAndConnectNigoriController] Load and connect Nigori controller
2025-09-20 05:52:59.665: [INFO][SyncEngineBackend::DoInitialize] Control Types added: Encryption Keys
2025-09-20 05:52:59.665: [INFO][SyncManagerImpl::ConfigureSyncer] Types to download: Encryption Keys with reason: 3
2025-09-20 05:52:59.665: [INFO][SyncSchedulerImpl::DoConfigurationSyncCycleJob] Configure job was blocked
2025-09-20 05:52:59.777: [INFO][SyncAuthManager::SetLastAuthError] Current auth error: None
2025-09-20 05:52:59.777: [INFO][SyncAuthManager::EdgeLogTokenErrorState] Token error with: None for account type: MSA
2025-09-20 05:52:59.777: [INFO][Sync] Credentials changed for: EdgeSyncScopeNew
2025-09-20 05:53:00.846: [INFO][SyncAuthManager::SetLastAuthError] Current auth error: None
2025-09-20 05:53:00.846: [INFO][SyncAuthManager::EdgeLogTokenErrorState] Token error with: None for account type: MSA
2025-09-20 05:53:00.846: [INFO][Sync] Credentials changed for: EdgeSyncKeyDataScope
2025-09-20 05:53:00.846: [INFO][SyncEngineBackend::DoUpdateKeyDataCredentials] Update key data credentials
2025-09-20 05:53:00.846: [INFO][SyncEngineBackend::DoUpdateCredentials] Update credentials
2025-09-20 05:53:00.846: [INFO][SyncSchedulerImpl::DoConfigurationSyncCycleJob] Blocked types:  and types to download: Encryption Keys
2025-09-20 05:53:01.932: [INFO][Sync] Started DataTypeManager configuration, reason: 4
2025-09-20 05:53:01.932: [INFO][Sync] Configuring for: Bookmarks, Preferences, Passwords, Autofill Profiles, Autofill, Extensions, Sessions, Extension settings, History Delete Directives, Device Info, User Consents, Send Tab To Self, Web Apps, History, Saved Tab Group, WebAuthn Credentials, Collection, Edge E Drop, Edge Hub App Usage, Edge Wallet, Encryption Keys, reason: 3, current state: 0
2025-09-20 05:53:01.932: [WARN][Sync] Crypto error data types: Passwords, Autofill Profiles, Autofill
2025-09-20 05:53:01.934: [INFO][Sync] Configure, desired: Bookmarks, Preferences, Extensions, Sessions, Extension settings, History Delete Directives, Device Info, User Consents, Send Tab To Self, Web Apps, History, Saved Tab Group, WebAuthn Credentials, Collection, Edge E Drop, Edge Hub App Usage, Edge Wallet, Encryption Keys; Allow fail: Passwords, Autofill Profiles, Autofill
2025-09-20 05:53:01.934: [INFO][Sync] Loading: Bookmarks
2025-09-20 05:53:01.934: [ERROR][Sync] Load Preferences, failed: ConstructDataTypeStoreOnFrontendSequence@components\sync\model\data_type_store_service_impl.cc:94 - Model error type: 86
2025-09-20 05:53:01.934: [ERROR][Sync] Stoping type: Preferences, error: ConstructDataTypeStoreOnFrontendSequence@components\sync\model\data_type_store_service_impl.cc:94 - Model error type: 86
2025-09-20 05:53:01.934: [INFO][Sync] Loading: Preferences
2025-09-20 05:53:01.934: [ERROR][Sync] Load Extensions, failed: ConstructDataTypeStoreOnFrontendSequence@components\sync\model\data_type_store_service_impl.cc:94 - Model error type: 86
2025-09-20 05:53:01.934: [ERROR][Sync] Stoping type: Extensions, error: ConstructDataTypeStoreOnFrontendSequence@components\sync\model\data_type_store_service_impl.cc:94 - Model error type: 86
2025-09-20 05:53:01.934: [INFO][Sync] Loading: Extensions
2025-09-20 05:53:01.934: [INFO][Sync] Loading: Sessions
2025-09-20 05:53:01.934: [INFO][Sync] Loading: Extension settings
2025-09-20 05:53:01.934: [ERROR][Sync] Load History Delete Directives, failed: ConstructDataTypeStoreOnFrontendSequence@components\sync\model\data_type_store_service_impl.cc:94 - Model error type: 86
2025-09-20 05:53:01.934: [ERROR][Sync] Stoping type: History Delete Directives, error: ConstructDataTypeStoreOnFrontendSequence@components\sync\model\data_type_store_service_impl.cc:94 - Model error type: 86
2025-09-20 05:53:01.934: [INFO][Sync] Loading: History Delete Directives
2025-09-20 05:53:01.935: [ERROR][Sync] Load Device Info, failed: OnStoreCreated@components\sync_device_info\device_info_sync_bridge.cc:791 - Model error type: 94
2025-09-20 05:53:01.935: [ERROR][Sync] Stoping type: Device Info, error: OnStoreCreated@components\sync_device_info\device_info_sync_bridge.cc:791 - Model error type: 94
2025-09-20 05:53:01.935: [INFO][Sync] Loading: Device Info
2025-09-20 05:53:01.935: [ERROR][Sync] Load User Consents, failed: ConstructDataTypeStoreOnFrontendSequence@components\sync\model\data_type_store_service_impl.cc:94 - Model error type: 86
2025-09-20 05:53:01.935: [ERROR][Sync] Stoping type: User Consents, error: ConstructDataTypeStoreOnFrontendSequence@components\sync\model\data_type_store_service_impl.cc:94 - Model error type: 86
2025-09-20 05:53:01.935: [INFO][Sync] Loading: User Consents
2025-09-20 05:53:01.935: [ERROR][Sync] Load Send Tab To Self, failed: ConstructDataTypeStoreOnFrontendSequence@components\sync\model\data_type_store_service_impl.cc:94 - Model error type: 86
2025-09-20 05:53:01.935: [ERROR][Sync] Stoping type: Send Tab To Self, error: ConstructDataTypeStoreOnFrontendSequence@components\sync\model\data_type_store_service_impl.cc:94 - Model error type: 86
2025-09-20 05:53:01.935: [INFO][Sync] Loading: Send Tab To Self
2025-09-20 05:53:01.935: [ERROR][Sync] Load Web Apps, failed: ConstructDataTypeStoreOnFrontendSequence@components\sync\model\data_type_store_service_impl.cc:94 - Model error type: 86
2025-09-20 05:53:01.935: [ERROR][Sync] Stoping type: Web Apps, error: ConstructDataTypeStoreOnFrontendSequence@components\sync\model\data_type_store_service_impl.cc:94 - Model error type: 86
2025-09-20 05:53:01.935: [INFO][Sync] Loading: Web Apps
2025-09-20 05:53:01.935: [INFO][Sync] Loading: History
2025-09-20 05:53:01.935: [ERROR][Sync] Load Saved Tab Group, failed: ConstructDataTypeStoreOnFrontendSequence@components\sync\model\data_type_store_service_impl.cc:94 - Model error type: 86
2025-09-20 05:53:01.935: [ERROR][Sync] Stoping type: Saved Tab Group, error: ConstructDataTypeStoreOnFrontendSequence@components\sync\model\data_type_store_service_impl.cc:94 - Model error type: 86
2025-09-20 05:53:01.935: [INFO][Sync] Loading: Saved Tab Group
2025-09-20 05:53:01.935: [ERROR][Sync] Load WebAuthn Credentials, failed: ConstructDataTypeStoreOnFrontendSequence@components\sync\model\data_type_store_service_impl.cc:94 - Model error type: 86
2025-09-20 05:53:01.935: [ERROR][Sync] Stoping type: WebAuthn Credentials, error: ConstructDataTypeStoreOnFrontendSequence@components\sync\model\data_type_store_service_impl.cc:94 - Model error type: 86
2025-09-20 05:53:01.935: [INFO][Sync] Loading: WebAuthn Credentials
2025-09-20 05:53:01.935: [ERROR][Sync] Load Collection, failed: ConstructDataTypeStoreOnFrontendSequence@components\sync\model\data_type_store_service_impl.cc:94 - Model error type: 86
2025-09-20 05:53:01.935: [ERROR][Sync] Stoping type: Collection, error: ConstructDataTypeStoreOnFrontendSequence@components\sync\model\data_type_store_service_impl.cc:94 - Model error type: 86
2025-09-20 05:53:01.935: [INFO][Sync] Loading: Collection
2025-09-20 05:53:01.935: [INFO][Sync] Loading: Edge E Drop
2025-09-20 05:53:01.935: [INFO][Sync] Loading: Edge Hub App Usage
2025-09-20 05:53:01.935: [INFO][Sync] Loading: Edge Wallet
2025-09-20 05:53:01.937: [ERROR][Sync] Load Sessions, failed: ConstructDataTypeStoreOnFrontendSequence@components\sync\model\data_type_store_service_impl.cc:94 - Model error type: 86
2025-09-20 05:53:01.937: [ERROR][Sync] Stoping type: Sessions, error: ConstructDataTypeStoreOnFrontendSequence@components\sync\model\data_type_store_service_impl.cc:94 - Model error type: 86
2025-09-20 05:53:01.937: [ERROR][Sync] Load Extension settings, failed: ConstructDataTypeStoreOnFrontendSequence@components\sync\model\data_type_store_service_impl.cc:94 - Model error type: 86
2025-09-20 05:53:01.937: [ERROR][Sync] Stoping type: Extension settings, error: ConstructDataTypeStoreOnFrontendSequence@components\sync\model\data_type_store_service_impl.cc:94 - Model error type: 86
2025-09-20 05:53:01.937: [ERROR][Sync] Load Edge E Drop, failed: EDropSyncBridge@components\edge_e_drop\core\browser\sync\e_drop_sync_bridge.cc:71: DataTypeStore for Drop initialization failed
2025-09-20 05:53:01.937: [ERROR][Sync] Stoping type: Edge E Drop, error: EDropSyncBridge@components\edge_e_drop\core\browser\sync\e_drop_sync_bridge.cc:71: DataTypeStore for Drop initialization failed
2025-09-20 05:53:01.937: [ERROR][Sync] Load Edge Hub App Usage, failed: EdgeHubAppUsageSyncBridge@components\edge_hub_apps\sync\edge_hub_app_usage_sync_bridge.cc:55: ModelTypeStore for Hub App Usage initialization failed
2025-09-20 05:53:01.937: [ERROR][Sync] Stoping type: Edge Hub App Usage, error: EdgeHubAppUsageSyncBridge@components\edge_hub_apps\sync\edge_hub_app_usage_sync_bridge.cc:55: ModelTypeStore for Hub App Usage initialization failed
2025-09-20 05:53:01.937: [INFO][Sync] Configuring for: Bookmarks, Preferences, Passwords, Autofill Profiles, Autofill, Extensions, Sessions, Extension settings, History Delete Directives, Device Info, User Consents, Send Tab To Self, Web Apps, History, Saved Tab Group, WebAuthn Credentials, Collection, Edge E Drop, Edge Hub App Usage, Edge Wallet, Encryption Keys, reason: 3, current state: 2
2025-09-20 05:53:01.937: [WARN][Sync] Crypto error data types: 
2025-09-20 05:53:01.937: [INFO][Sync] Configure, desired: Bookmarks, History, Edge Wallet, Encryption Keys; Allow fail: Preferences, Passwords, Autofill Profiles, Autofill, Extensions, Sessions, Extension settings, History Delete Directives, Device Info, User Consents, Send Tab To Self, Web Apps, Saved Tab Group, WebAuthn Credentials, Collection, Edge E Drop, Edge Hub App Usage
2025-09-20 05:53:01.937: [INFO][Sync] All data types are ready for configure.
2025-09-20 05:53:02.424: [INFO][SyncEngineBackend::DoStartConfiguration] Start configuration
2025-09-20 05:53:02.424: [INFO][SyncManagerImpl::NudgeForInitialDownload] Initial download nudge for Bookmarks
2025-09-20 05:53:02.424: [INFO][SyncManagerImpl::NudgeForInitialDownload] Initial download nudge for History
2025-09-20 05:53:02.424: [INFO][SyncManagerImpl::NudgeForInitialDownload] Initial download nudge for Edge Wallet
2025-09-20 05:53:02.424: [INFO][SyncManagerImpl::ConfigureSyncer] Types to download:  with reason: 3
2025-09-20 05:53:02.424: [INFO][SyncEngineBackend::DoFinishConfigureDataTypes] Failed to download types:  and succeeded types: 
2025-09-20 05:53:02.427: [INFO][Sync] Started DataTypeManager configuration, reason: 5
2025-09-20 05:53:02.428: [INFO][Sync] Configuring for: Bookmarks, Preferences, Passwords, Autofill Profiles, Autofill, Extensions, Sessions, Extension settings, History Delete Directives, Device Info, User Consents, Send Tab To Self, Web Apps, History, Saved Tab Group, WebAuthn Credentials, Collection, Edge E Drop, Edge Hub App Usage, Edge Wallet, Encryption Keys, reason: 5, current state: 1
2025-09-20 05:53:02.429: [INFO][Sync] ConfigurationDone, failed: , succeeded: , remaining count: 3
2025-09-20 05:53:02.429: [WARN][Sync]     Reconfigure requested while configuration ongoing.
2025-09-20 05:53:02.429: [INFO][Sync] Configuring for: Bookmarks, Preferences, Passwords, Autofill Profiles, Autofill, Extensions, Sessions, Extension settings, History Delete Directives, Device Info, User Consents, Send Tab To Self, Web Apps, History, Saved Tab Group, WebAuthn Credentials, Collection, Edge E Drop, Edge Hub App Usage, Edge Wallet, Encryption Keys, reason: 5, current state: 2
2025-09-20 05:53:02.429: [INFO][Sync] Configure, desired: Bookmarks, Passwords, Autofill Profiles, Autofill, History, Edge Wallet, Encryption Keys; Allow fail: Preferences, Extensions, Sessions, Extension settings, History Delete Directives, Device Info, User Consents, Send Tab To Self, Web Apps, Saved Tab Group, WebAuthn Credentials, Collection, Edge E Drop, Edge Hub App Usage
2025-09-20 05:53:02.429: [INFO][Sync] Loading: Passwords
2025-09-20 05:53:02.430: [INFO][Sync] Loading: Autofill Profiles
2025-09-20 05:53:02.430: [INFO][Sync] Loading: Autofill
2025-09-20 05:53:02.430: [INFO][Sync] All data types are ready for configure.
2025-09-20 05:53:02.430: [INFO][SyncManagerImpl::NudgeForInitialDownload] Initial download nudge for Passwords
2025-09-20 05:53:02.430: [INFO][SyncManagerImpl::NudgeForInitialDownload] Initial download nudge for Autofill Profiles
2025-09-20 05:53:02.430: [INFO][SyncManagerImpl::NudgeForInitialDownload] Initial download nudge for Autofill
2025-09-20 05:53:02.430: [INFO][SyncManagerImpl::ConfigureSyncer] Types to download:  with reason: 5
2025-09-20 05:53:02.430: [INFO][SyncEngineBackend::DoFinishConfigureDataTypes] Failed to download types:  and succeeded types: 
2025-09-20 05:53:02.430: [INFO][Sync] ConfigurationDone, failed: , succeeded: , remaining count: 4
2025-09-20 05:53:02.430: [INFO][Sync] Prepare to configure types: Passwords, Encryption Keys
2025-09-20 05:53:02.430: [INFO][SyncManagerImpl::ConfigureSyncer] Types to download: Passwords, Encryption Keys with reason: 5
2025-09-20 05:53:02.430: [INFO][SyncSchedulerImpl::DoConfigurationSyncCycleJob] Blocked types:  and types to download: Passwords, Encryption Keys
2025-09-20 05:53:02.821: [INFO][SyncEngineBackend::DoFinishConfigureDataTypes] Failed to download types:  and succeeded types: Passwords, Encryption Keys
2025-09-20 05:53:02.824: [INFO][Sync] ConfigurationDone, failed: , succeeded: Passwords, Encryption Keys, remaining count: 3
2025-09-20 05:53:02.824: [INFO][Sync] Prepare to configure types: Bookmarks, Encryption Keys
2025-09-20 05:53:02.825: [INFO][SyncManagerImpl::ConfigureSyncer] Types to download: Bookmarks, Encryption Keys with reason: 5
2025-09-20 05:53:02.825: [INFO][SyncSchedulerImpl::DoConfigurationSyncCycleJob] Blocked types:  and types to download: Bookmarks, Encryption Keys
2025-09-20 05:53:03.290: [INFO][SyncEngineBackend::DoFinishConfigureDataTypes] Failed to download types:  and succeeded types: Bookmarks, Encryption Keys
2025-09-20 05:53:03.292: [INFO][Sync] ConfigurationDone, failed: , succeeded: Bookmarks, Encryption Keys, remaining count: 2
2025-09-20 05:53:03.292: [INFO][Sync] Prepare to configure types: Autofill Profiles, Autofill, Edge Wallet, Encryption Keys
2025-09-20 05:53:03.292: [INFO][SyncManagerImpl::ConfigureSyncer] Types to download: Autofill Profiles, Autofill, Edge Wallet, Encryption Keys with reason: 5
2025-09-20 05:53:03.292: [INFO][SyncSchedulerImpl::DoConfigurationSyncCycleJob] Blocked types:  and types to download: Autofill Profiles, Autofill, Edge Wallet, Encryption Keys
2025-09-20 05:53:03.680: [INFO][SyncEngineBackend::DoFinishConfigureDataTypes] Failed to download types:  and succeeded types: Autofill Profiles, Autofill, Edge Wallet, Encryption Keys
2025-09-20 05:53:03.684: [INFO][Sync] ConfigurationDone, failed: , succeeded: Autofill Profiles, Autofill, Edge Wallet, Encryption Keys, remaining count: 1
2025-09-20 05:53:03.689: [INFO][Sync] Prepare to configure types: History, Encryption Keys
2025-09-20 05:53:03.689: [INFO][SyncManagerImpl::ConfigureSyncer] Types to download: History, Encryption Keys with reason: 5
2025-09-20 05:53:03.689: [INFO][SyncSchedulerImpl::DoConfigurationSyncCycleJob] Blocked types:  and types to download: History, Encryption Keys
2025-09-20 05:53:04.597: [INFO][SyncEngineBackend::DoFinishConfigureDataTypes] Failed to download types:  and succeeded types: History, Encryption Keys
2025-09-20 05:53:04.600: [INFO][Sync] ConfigurationDone, failed: , succeeded: History, Encryption Keys, remaining count: 0
2025-09-20 05:53:04.605: [INFO][Sync]     Configuration completed, state: 7
2025-09-20 05:53:04.605: [INFO][Sync] Configured DataTypeManager: Ok
2025-09-20 05:53:04.609: [INFO][SyncEngineBackend::DoStartSyncing] Start syncing
2025-09-20 05:54:08.452: [INFO][Sync] Reset engine, reason: 0
2025-09-20 05:54:08.452: [INFO][Sync] Reset engine with reason: 0
2025-09-20 05:54:08.452: [INFO][SyncSchedulerImpl::OnSyncNetworkError] Syncer error: Network error (ERR_ABORTED)
2025-09-20 05:54:08.453: [INFO][Commit::ReportFullCommitFailure] Commit History failed with error: NetworkError
2025-09-20 05:54:08.453: [INFO][SyncSchedulerImpl::DoNudgeSyncCycleJob] Syncer error: Network error (ERR_ABORTED)
2025-09-20 05:59:41.317: [INFO][Sync] SyncState after authenticated was: FeatureCanStart
2025-09-20 05:59:41.835: [INFO][Sync] Try to start sync engine
2025-09-20 05:59:41.836: [INFO][SyncManagerImpl::NudgeForInitialDownload] Initial download nudge for Encryption Keys
2025-09-20 05:59:41.836: [INFO][SyncEngineBackend::LoadAndConnectNigoriController] Load and connect Nigori controller
2025-09-20 05:59:41.836: [INFO][SyncEngineBackend::DoInitialize] Control Types added: Encryption Keys
2025-09-20 05:59:41.836: [INFO][SyncManagerImpl::ConfigureSyncer] Types to download: Encryption Keys with reason: 3
2025-09-20 05:59:41.836: [INFO][SyncSchedulerImpl::DoConfigurationSyncCycleJob] Configure job was blocked
2025-09-20 05:59:41.864: [INFO][SyncAuthManager::SetLastAuthError] Current auth error: None
2025-09-20 05:59:41.864: [INFO][SyncAuthManager::EdgeLogTokenErrorState] Token error with: None for account type: MSA
2025-09-20 05:59:41.865: [INFO][Sync] Credentials changed for: EdgeSyncScopeNew
2025-09-20 05:59:42.970: [INFO][SyncAuthManager::SetLastAuthError] Current auth error: None
2025-09-20 05:59:42.970: [INFO][SyncAuthManager::EdgeLogTokenErrorState] Token error with: None for account type: MSA
2025-09-20 05:59:42.970: [INFO][Sync] Credentials changed for: EdgeSyncKeyDataScope
2025-09-20 05:59:42.970: [INFO][SyncEngineBackend::DoUpdateKeyDataCredentials] Update key data credentials
2025-09-20 05:59:42.970: [INFO][SyncEngineBackend::DoUpdateCredentials] Update credentials
2025-09-20 05:59:42.970: [INFO][SyncSchedulerImpl::DoConfigurationSyncCycleJob] Blocked types:  and types to download: Encryption Keys
2025-09-20 05:59:43.388: [INFO][Sync] Started DataTypeManager configuration, reason: 4
2025-09-20 05:59:43.388: [INFO][Sync] Configuring for: Bookmarks, Preferences, Passwords, Autofill Profiles, Autofill, Extensions, Sessions, Extension settings, History Delete Directives, Device Info, User Consents, Send Tab To Self, Web Apps, History, Saved Tab Group, WebAuthn Credentials, Collection, Edge E Drop, Edge Hub App Usage, Edge Wallet, Encryption Keys, reason: 4, current state: 0
2025-09-20 05:59:43.388: [WARN][Sync] Crypto error data types: Passwords, Autofill Profiles, Autofill
2025-09-20 05:59:43.393: [INFO][Sync] Configure, desired: Bookmarks, Preferences, Extensions, Sessions, Extension settings, History Delete Directives, Device Info, User Consents, Send Tab To Self, Web Apps, History, Saved Tab Group, WebAuthn Credentials, Collection, Edge E Drop, Edge Hub App Usage, Edge Wallet, Encryption Keys; Allow fail: Passwords, Autofill Profiles, Autofill
2025-09-20 05:59:43.393: [INFO][Sync] Loading: Bookmarks
2025-09-20 05:59:43.393: [ERROR][Sync] Load Preferences, failed: ConstructDataTypeStoreOnFrontendSequence@components\sync\model\data_type_store_service_impl.cc:94 - Model error type: 86
2025-09-20 05:59:43.393: [ERROR][Sync] Stoping type: Preferences, error: ConstructDataTypeStoreOnFrontendSequence@components\sync\model\data_type_store_service_impl.cc:94 - Model error type: 86
2025-09-20 05:59:43.393: [INFO][Sync] Loading: Preferences
2025-09-20 05:59:43.393: [ERROR][Sync] Load Extensions, failed: ConstructDataTypeStoreOnFrontendSequence@components\sync\model\data_type_store_service_impl.cc:94 - Model error type: 86
2025-09-20 05:59:43.393: [ERROR][Sync] Stoping type: Extensions, error: ConstructDataTypeStoreOnFrontendSequence@components\sync\model\data_type_store_service_impl.cc:94 - Model error type: 86
2025-09-20 05:59:43.393: [INFO][Sync] Loading: Extensions
2025-09-20 05:59:43.393: [INFO][Sync] Loading: Sessions
2025-09-20 05:59:43.393: [INFO][Sync] Loading: Extension settings
2025-09-20 05:59:43.393: [ERROR][Sync] Load History Delete Directives, failed: ConstructDataTypeStoreOnFrontendSequence@components\sync\model\data_type_store_service_impl.cc:94 - Model error type: 86
2025-09-20 05:59:43.393: [ERROR][Sync] Stoping type: History Delete Directives, error: ConstructDataTypeStoreOnFrontendSequence@components\sync\model\data_type_store_service_impl.cc:94 - Model error type: 86
2025-09-20 05:59:43.393: [INFO][Sync] Loading: History Delete Directives
2025-09-20 05:59:43.394: [ERROR][Sync] Load Device Info, failed: OnStoreCreated@components\sync_device_info\device_info_sync_bridge.cc:791 - Model error type: 94
2025-09-20 05:59:43.394: [ERROR][Sync] Stoping type: Device Info, error: OnStoreCreated@components\sync_device_info\device_info_sync_bridge.cc:791 - Model error type: 94
2025-09-20 05:59:43.394: [INFO][Sync] Loading: Device Info
2025-09-20 05:59:43.394: [ERROR][Sync] Load User Consents, failed: ConstructDataTypeStoreOnFrontendSequence@components\sync\model\data_type_store_service_impl.cc:94 - Model error type: 86
2025-09-20 05:59:43.394: [ERROR][Sync] Stoping type: User Consents, error: ConstructDataTypeStoreOnFrontendSequence@components\sync\model\data_type_store_service_impl.cc:94 - Model error type: 86
2025-09-20 05:59:43.394: [INFO][Sync] Loading: User Consents
2025-09-20 05:59:43.394: [ERROR][Sync] Load Send Tab To Self, failed: ConstructDataTypeStoreOnFrontendSequence@components\sync\model\data_type_store_service_impl.cc:94 - Model error type: 86
2025-09-20 05:59:43.394: [ERROR][Sync] Stoping type: Send Tab To Self, error: ConstructDataTypeStoreOnFrontendSequence@components\sync\model\data_type_store_service_impl.cc:94 - Model error type: 86
2025-09-20 05:59:43.394: [INFO][Sync] Loading: Send Tab To Self
2025-09-20 05:59:43.394: [ERROR][Sync] Load Web Apps, failed: ConstructDataTypeStoreOnFrontendSequence@components\sync\model\data_type_store_service_impl.cc:94 - Model error type: 86
2025-09-20 05:59:43.394: [ERROR][Sync] Stoping type: Web Apps, error: ConstructDataTypeStoreOnFrontendSequence@components\sync\model\data_type_store_service_impl.cc:94 - Model error type: 86
2025-09-20 05:59:43.394: [INFO][Sync] Loading: Web Apps
2025-09-20 05:59:43.394: [INFO][Sync] Loading: History
2025-09-20 05:59:43.394: [ERROR][Sync] Load Saved Tab Group, failed: ConstructDataTypeStoreOnFrontendSequence@components\sync\model\data_type_store_service_impl.cc:94 - Model error type: 86
2025-09-20 05:59:43.394: [ERROR][Sync] Stoping type: Saved Tab Group, error: ConstructDataTypeStoreOnFrontendSequence@components\sync\model\data_type_store_service_impl.cc:94 - Model error type: 86
2025-09-20 05:59:43.394: [INFO][Sync] Loading: Saved Tab Group
2025-09-20 05:59:43.394: [ERROR][Sync] Load WebAuthn Credentials, failed: ConstructDataTypeStoreOnFrontendSequence@components\sync\model\data_type_store_service_impl.cc:94 - Model error type: 86
2025-09-20 05:59:43.394: [ERROR][Sync] Stoping type: WebAuthn Credentials, error: ConstructDataTypeStoreOnFrontendSequence@components\sync\model\data_type_store_service_impl.cc:94 - Model error type: 86
2025-09-20 05:59:43.394: [INFO][Sync] Loading: WebAuthn Credentials
2025-09-20 05:59:43.394: [ERROR][Sync] Load Collection, failed: ConstructDataTypeStoreOnFrontendSequence@components\sync\model\data_type_store_service_impl.cc:94 - Model error type: 86
2025-09-20 05:59:43.394: [ERROR][Sync] Stoping type: Collection, error: ConstructDataTypeStoreOnFrontendSequence@components\sync\model\data_type_store_service_impl.cc:94 - Model error type: 86
2025-09-20 05:59:43.394: [INFO][Sync] Loading: Collection
2025-09-20 05:59:43.394: [INFO][Sync] Loading: Edge E Drop
2025-09-20 05:59:43.394: [INFO][Sync] Loading: Edge Hub App Usage
2025-09-20 05:59:43.394: [INFO][Sync] Loading: Edge Wallet
2025-09-20 05:59:43.401: [ERROR][Sync] Load Sessions, failed: ConstructDataTypeStoreOnFrontendSequence@components\sync\model\data_type_store_service_impl.cc:94 - Model error type: 86
2025-09-20 05:59:43.401: [ERROR][Sync] Stoping type: Sessions, error: ConstructDataTypeStoreOnFrontendSequence@components\sync\model\data_type_store_service_impl.cc:94 - Model error type: 86
2025-09-20 05:59:43.401: [ERROR][Sync] Load Extension settings, failed: ConstructDataTypeStoreOnFrontendSequence@components\sync\model\data_type_store_service_impl.cc:94 - Model error type: 86
2025-09-20 05:59:43.401: [ERROR][Sync] Stoping type: Extension settings, error: ConstructDataTypeStoreOnFrontendSequence@components\sync\model\data_type_store_service_impl.cc:94 - Model error type: 86
2025-09-20 05:59:43.401: [ERROR][Sync] Load Edge E Drop, failed: EDropSyncBridge@components\edge_e_drop\core\browser\sync\e_drop_sync_bridge.cc:71: DataTypeStore for Drop initialization failed
2025-09-20 05:59:43.401: [ERROR][Sync] Stoping type: Edge E Drop, error: EDropSyncBridge@components\edge_e_drop\core\browser\sync\e_drop_sync_bridge.cc:71: DataTypeStore for Drop initialization failed
2025-09-20 05:59:43.401: [ERROR][Sync] Load Edge Hub App Usage, failed: EdgeHubAppUsageSyncBridge@components\edge_hub_apps\sync\edge_hub_app_usage_sync_bridge.cc:55: ModelTypeStore for Hub App Usage initialization failed
2025-09-20 05:59:43.401: [ERROR][Sync] Stoping type: Edge Hub App Usage, error: EdgeHubAppUsageSyncBridge@components\edge_hub_apps\sync\edge_hub_app_usage_sync_bridge.cc:55: ModelTypeStore for Hub App Usage initialization failed
2025-09-20 05:59:43.401: [INFO][Sync] Configuring for: Bookmarks, Preferences, Passwords, Autofill Profiles, Autofill, Extensions, Sessions, Extension settings, History Delete Directives, Device Info, User Consents, Send Tab To Self, Web Apps, History, Saved Tab Group, WebAuthn Credentials, Collection, Edge E Drop, Edge Hub App Usage, Edge Wallet, Encryption Keys, reason: 6, current state: 2
2025-09-20 05:59:43.401: [WARN][Sync] Crypto error data types: 
2025-09-20 05:59:43.401: [INFO][Sync] Configure, desired: Bookmarks, History, Edge Wallet, Encryption Keys; Allow fail: Preferences, Passwords, Autofill Profiles, Autofill, Extensions, Sessions, Extension settings, History Delete Directives, Device Info, User Consents, Send Tab To Self, Web Apps, Saved Tab Group, WebAuthn Credentials, Collection, Edge E Drop, Edge Hub App Usage
2025-09-20 05:59:43.401: [INFO][Sync] All data types are ready for configure.
2025-09-20 05:59:44.124: [INFO][SyncEngineBackend::DoStartConfiguration] Start configuration
2025-09-20 05:59:44.124: [INFO][SyncManagerImpl::ConfigureSyncer] Types to download:  with reason: 6
2025-09-20 05:59:44.124: [INFO][SyncEngineBackend::DoFinishConfigureDataTypes] Failed to download types:  and succeeded types: 
2025-09-20 05:59:44.125: [INFO][Sync] Started DataTypeManager configuration, reason: 5
2025-09-20 05:59:44.125: [INFO][Sync] Configuring for: Bookmarks, Preferences, Passwords, Autofill Profiles, Autofill, Extensions, Sessions, Extension settings, History Delete Directives, Device Info, User Consents, Send Tab To Self, Web Apps, History, Saved Tab Group, WebAuthn Credentials, Collection, Edge E Drop, Edge Hub App Usage, Edge Wallet, Encryption Keys, reason: 5, current state: 1
2025-09-20 05:59:44.127: [INFO][Sync] ConfigurationDone, failed: , succeeded: , remaining count: 3
2025-09-20 05:59:44.127: [WARN][Sync]     Reconfigure requested while configuration ongoing.
2025-09-20 05:59:44.127: [INFO][Sync] Configuring for: Bookmarks, Preferences, Passwords, Autofill Profiles, Autofill, Extensions, Sessions, Extension settings, History Delete Directives, Device Info, User Consents, Send Tab To Self, Web Apps, History, Saved Tab Group, WebAuthn Credentials, Collection, Edge E Drop, Edge Hub App Usage, Edge Wallet, Encryption Keys, reason: 5, current state: 2
2025-09-20 05:59:44.127: [INFO][Sync] Configure, desired: Bookmarks, Passwords, Autofill Profiles, Autofill, History, Edge Wallet, Encryption Keys; Allow fail: Preferences, Extensions, Sessions, Extension settings, History Delete Directives, Device Info, User Consents, Send Tab To Self, Web Apps, Saved Tab Group, WebAuthn Credentials, Collection, Edge E Drop, Edge Hub App Usage
2025-09-20 05:59:44.127: [INFO][Sync] Loading: Passwords
2025-09-20 05:59:44.127: [INFO][Sync] Loading: Autofill Profiles
2025-09-20 05:59:44.127: [INFO][Sync] Loading: Autofill
2025-09-20 05:59:44.127: [INFO][Sync] All data types are ready for configure.
2025-09-20 05:59:44.127: [INFO][SyncManagerImpl::NudgeForInitialDownload] Initial download nudge for Passwords
2025-09-20 05:59:44.127: [INFO][SyncManagerImpl::ConfigureSyncer] Types to download:  with reason: 5
2025-09-20 05:59:44.127: [INFO][SyncEngineBackend::DoFinishConfigureDataTypes] Failed to download types:  and succeeded types: 
2025-09-20 05:59:44.128: [INFO][Sync] ConfigurationDone, failed: , succeeded: , remaining count: 4
2025-09-20 05:59:44.128: [INFO][Sync] Prepare to configure types: Passwords, Encryption Keys
2025-09-20 05:59:44.128: [INFO][SyncManagerImpl::ConfigureSyncer] Types to download: Passwords, Encryption Keys with reason: 5
2025-09-20 05:59:44.128: [INFO][SyncSchedulerImpl::DoConfigurationSyncCycleJob] Blocked types:  and types to download: Passwords, Encryption Keys
2025-09-20 05:59:44.617: [INFO][SyncEngineBackend::DoFinishConfigureDataTypes] Failed to download types:  and succeeded types: Passwords, Encryption Keys
2025-09-20 05:59:44.620: [INFO][Sync] ConfigurationDone, failed: , succeeded: Passwords, Encryption Keys, remaining count: 3
2025-09-20 05:59:44.621: [INFO][SyncManagerImpl::ConfigureSyncer] Types to download:  with reason: 5
2025-09-20 05:59:44.621: [INFO][SyncEngineBackend::DoFinishConfigureDataTypes] Failed to download types:  and succeeded types: 
2025-09-20 05:59:44.622: [INFO][Sync] ConfigurationDone, failed: , succeeded: , remaining count: 2
2025-09-20 05:59:44.622: [INFO][SyncManagerImpl::ConfigureSyncer] Types to download:  with reason: 5
2025-09-20 05:59:44.622: [INFO][SyncEngineBackend::DoFinishConfigureDataTypes] Failed to download types:  and succeeded types: 
2025-09-20 05:59:44.623: [INFO][Sync] ConfigurationDone, failed: , succeeded: , remaining count: 1
2025-09-20 05:59:44.626: [INFO][SyncManagerImpl::ConfigureSyncer] Types to download:  with reason: 5
2025-09-20 05:59:44.626: [INFO][SyncEngineBackend::DoFinishConfigureDataTypes] Failed to download types:  and succeeded types: 
2025-09-20 05:59:44.626: [INFO][Sync] ConfigurationDone, failed: , succeeded: , remaining count: 0
2025-09-20 05:59:44.631: [INFO][Sync]     Configuration completed, state: 7
2025-09-20 05:59:44.631: [INFO][Sync] Configured DataTypeManager: Ok
2025-09-20 05:59:44.638: [INFO][SyncEngineBackend::DoStartSyncing] Start syncing
2025-09-20 06:00:56.426: [INFO][Sync] Reset engine, reason: 0
2025-09-20 06:00:56.426: [INFO][Sync] Reset engine with reason: 0
